Flow report for custom_hardware
Sun Mar 03 21:20:02 2024
Quartus Prime Version 18.1.0 Build 625 09/12/2018 SJ Lite Edition


---------------------
; Table of Contents ;
---------------------
  1. Legal Notice
  2. Flow Summary
  3. Flow Settings
  4. Flow Non-Default Global Settings
  5. Flow Elapsed Time
  6. Flow OS Summary
  7. Flow Log
  8. Flow Messages
  9. Flow Suppressed Messages



----------------
; Legal Notice ;
----------------
Copyright (C) 2018  Intel Corporation. All rights reserved.
Your use of Intel Corporation's design tools, logic functions 
and other software and tools, and its AMPP partner logic 
functions, and any output files from any of the foregoing 
(including device programming or simulation files), and any 
associated documentation or information are expressly subject 
to the terms and conditions of the Intel Program License 
Subscription Agreement, the Intel Quartus Prime License Agreement,
the Intel FPGA IP License Agreement, or other applicable license
agreement, including, without limitation, that your use is for
the sole purpose of programming logic devices manufactured by
Intel and sold by Intel or its authorized distributors.  Please
refer to the applicable agreement for further details.



+----------------------------------------------------------------------------------+
; Flow Summary                                                                     ;
+------------------------------------+---------------------------------------------+
; Flow Status                        ; Successful - Sun Mar 03 21:19:58 2024       ;
; Quartus Prime Version              ; 18.1.0 Build 625 09/12/2018 SJ Lite Edition ;
; Revision Name                      ; custom_hardware                             ;
; Top-level Entity Name              ; DE10_LITE_Golden_Top                        ;
; Family                             ; MAX 10                                      ;
; Device                             ; 10M50DAF484C7G                              ;
; Timing Models                      ; Final                                       ;
; Total logic elements               ; 4,003 / 49,760 ( 8 % )                      ;
;     Total combinational functions  ; 3,263 / 49,760 ( 7 % )                      ;
;     Dedicated logic registers      ; 2,154 / 49,760 ( 4 % )                      ;
; Total registers                    ; 2154                                        ;
; Total pins                         ; 185 / 360 ( 51 % )                          ;
; Total virtual pins                 ; 0                                           ;
; Total memory bits                  ; 535,552 / 1,677,312 ( 32 % )                ;
; Embedded Multiplier 9-bit elements ; 80 / 288 ( 28 % )                           ;
; Total PLLs                         ; 0 / 4 ( 0 % )                               ;
; UFM blocks                         ; 0 / 1 ( 0 % )                               ;
; ADC blocks                         ; 0 / 2 ( 0 % )                               ;
+------------------------------------+---------------------------------------------+


+-----------------------------------------+
; Flow Settings                           ;
+-------------------+---------------------+
; Option            ; Setting             ;
+-------------------+---------------------+
; Start date & time ; 03/03/2024 21:19:01 ;
; Main task         ; Compilation         ;
; Revision Name     ; custom_hardware     ;
+-------------------+---------------------+


+------------------------------------------------------------------------------------------------------------------------------------+
; Flow Non-Default Global Settings                                                                                                   ;
+-------------------------------------+----------------------------------------+-----------------+----------------------+------------+
; Assignment Name                     ; Value                                  ; Default Value   ; Entity Name          ; Section Id ;
+-------------------------------------+----------------------------------------+-----------------+----------------------+------------+
; COMPILER_SIGNATURE_ID               ; 150462082447374.170950074020264        ; --              ; --                   ; --         ;
; MAX_CORE_JUNCTION_TEMP              ; 85                                     ; --              ; --                   ; --         ;
; MIN_CORE_JUNCTION_TEMP              ; 0                                      ; --              ; --                   ; --         ;
; PARTITION_COLOR                     ; -- (Not supported for targeted family) ; --              ; DE10_LITE_Golden_Top ; Top        ;
; PARTITION_FITTER_PRESERVATION_LEVEL ; -- (Not supported for targeted family) ; --              ; DE10_LITE_Golden_Top ; Top        ;
; PARTITION_NETLIST_TYPE              ; -- (Not supported for targeted family) ; --              ; DE10_LITE_Golden_Top ; Top        ;
; POWER_BOARD_THERMAL_MODEL           ; None (CONSERVATIVE)                    ; --              ; --                   ; --         ;
; POWER_PRESET_COOLING_SOLUTION       ; 23 MM HEAT SINK WITH 200 LFPM AIRFLOW  ; --              ; --                   ; --         ;
; PROJECT_OUTPUT_DIRECTORY            ; output_files                           ; --              ; --                   ; --         ;
; TOP_LEVEL_ENTITY                    ; DE10_LITE_Golden_Top                   ; custom_hardware ; --                   ; --         ;
+-------------------------------------+----------------------------------------+-----------------+----------------------+------------+


+--------------------------------------------------------------------------------------------------------------------------+
; Flow Elapsed Time                                                                                                        ;
+----------------------+--------------+-------------------------+---------------------+------------------------------------+
; Module Name          ; Elapsed Time ; Average Processors Used ; Peak Virtual Memory ; Total CPU Time (on all processors) ;
+----------------------+--------------+-------------------------+---------------------+------------------------------------+
; Analysis & Synthesis ; 00:00:40     ; 1.0                     ; 4997 MB             ; 00:00:28                           ;
; Fitter               ; 00:00:11     ; 1.9                     ; 6714 MB             ; 00:00:14                           ;
; Assembler            ; 00:00:02     ; 1.0                     ; 4706 MB             ; 00:00:01                           ;
; Timing Analyzer      ; 00:00:03     ; 2.9                     ; 5024 MB             ; 00:00:04                           ;
; Total                ; 00:00:56     ; --                      ; --                  ; 00:00:47                           ;
+----------------------+--------------+-------------------------+---------------------+------------------------------------+


+------------------------------------------------------------------------------------+
; Flow OS Summary                                                                    ;
+----------------------+------------------+------------+------------+----------------+
; Module Name          ; Machine Hostname ; OS Name    ; OS Version ; Processor type ;
+----------------------+------------------+------------+------------+----------------+
; Analysis & Synthesis ; MSI              ; Windows 10 ; 10.0       ; x86_64         ;
; Fitter               ; MSI              ; Windows 10 ; 10.0       ; x86_64         ;
; Assembler            ; MSI              ; Windows 10 ; 10.0       ; x86_64         ;
; Timing Analyzer      ; MSI              ; Windows 10 ; 10.0       ; x86_64         ;
+----------------------+------------------+------------+------------+----------------+


------------
; Flow Log ;
------------
quartus_map --read_settings_files=on --write_settings_files=off custom_hardware -c custom_hardware
quartus_fit --read_settings_files=off --write_settings_files=off custom_hardware -c custom_hardware
quartus_asm --read_settings_files=off --write_settings_files=off custom_hardware -c custom_hardware
quartus_sta custom_hardware -c custom_hardware



